2022-01-27T16:25:45+00:00 CRITICAL Uncaught Error: Object of class WP_Error could not be converted to string in C:\xampp\htdocs\ParsehWebLearning\wp-content\themes\Parsehshop\woocommerce\single-product\title.php:29
Stack trace:
#0 C:\xampp\htdocs\ParsehWebLearning\wp-content\plugins\woocommerce\includes\wc-core-functions.php(345): include()
#1 C:\xampp\htdocs\ParsehWebLearning\wp-content\plugins\woocommerce\includes\wc-template-functions.php(1600): wc_get_template('single-product/...')
#2 C:\xampp\htdocs\ParsehWebLearning\wp-includes\class-wp-hook.php(307): woocommerce_template_single_title('')
#3 C:\xampp\htdocs\ParsehWebLearning\wp-includes\class-wp-hook.php(331): WP_Hook->apply_filters('', Array)
#4 C:\xampp\htdocs\ParsehWebLearning\wp-includes\plugin.php(474): WP_Hook->do_action(Array)
#5 C:\xampp\htdocs\ParsehWebLearning\wp-content\themes\Parsehshop\woocommerce\content-single-product.php(80): do_action('woocommerce_sin...')
#6 C:\xampp\htdocs\ParsehWebLearning\wp-includes\template.php(772): require('C:\\xampp\\htdocs...')
#7 C:\xampp\htdocs\ParsehWebLearning\wp-content\plugins\woocommerce\includes\wc-core-functions.php(284): load_template('C:\\xampp\\htdocs...', false)
#8 C:\xampp\htdocs\ParsehWebLearning\wp-content\themes\Parsehshop\woocommerce\single-product.php(49): wc_get_template_part('content', 'single-product')
#9 C:\xampp\htdocs\ParsehWebLearning\wp-includes\template-loader.php(106): include('C:\\xampp\\htdocs...')
#10 C:\xampp\htdocs\ParsehWebLearning\wp-blog-header.php(19): require_once('C:\\xampp\\htdocs...')
#11 C:\xampp\htdocs\ParsehWebLearning\index.php(17): require('C:\\xampp\\htdocs...')
#12 {main}
  thrown در C:\xampp\htdocs\ParsehWebLearning\wp-content\themes\Parsehshop\woocommerce\single-product\title.php در خط 29

2022-01-27T16:41:52+00:00 CRITICAL syntax error, unexpected end of file در C:\xampp\htdocs\ParsehWebLearning\wp-content\themes\Parsehshop\inc\woocommerce.php در خط 7

2022-01-27T16:43:26+00:00 CRITICAL syntax error, unexpected token "}", expecting ";" در C:\xampp\htdocs\ParsehWebLearning\wp-content\themes\Parsehshop\inc\woocommerce.php در خط 7

2022-01-27T16:43:53+00:00 CRITICAL syntax error, unexpected token "}", expecting ";" در C:\xampp\htdocs\ParsehWebLearning\wp-content\themes\Parsehshop\inc\woocommerce.php در خط 7

2022-01-27T16:44:38+00:00 CRITICAL syntax error, unexpected token "}", expecting ";" در C:\xampp\htdocs\ParsehWebLearning\wp-content\themes\Parsehshop\inc\woocommerce.php در خط 7

2022-01-27T16:45:13+00:00 CRITICAL syntax error, unexpected token "}", expecting ";" در C:\xampp\htdocs\ParsehWebLearning\wp-content\themes\Parsehshop\inc\woocommerce.php در خط 7

2022-01-27T16:55:29+00:00 CRITICAL syntax error, unexpected token "}", expecting ";" در C:\xampp\htdocs\ParsehWebLearning\wp-content\themes\Parsehshop\inc\woocommerce.php در خط 10

2022-01-27T16:55:36+00:00 CRITICAL syntax error, unexpected token "}", expecting ";" در C:\xampp\htdocs\ParsehWebLearning\wp-content\themes\Parsehshop\inc\woocommerce.php در خط 10

2022-01-27T16:55:38+00:00 CRITICAL syntax error, unexpected token "}", expecting ";" در C:\xampp\htdocs\ParsehWebLearning\wp-content\themes\Parsehshop\inc\woocommerce.php در خط 10

2022-01-27T17:05:41+00:00 CRITICAL syntax error, unexpected identifier "created_for", expecting ")" در C:\xampp\htdocs\ParsehWebLearning\wp-content\themes\Parsehshop\woocommerce\single-product\title.php در خط 28

2022-01-27T17:06:23+00:00 CRITICAL syntax error, unexpected token ":" در C:\xampp\htdocs\ParsehWebLearning\wp-content\themes\Parsehshop\woocommerce\single-product\title.php در خط 28

2022-01-27T17:07:08+00:00 CRITICAL syntax error, unexpected token ";" در C:\xampp\htdocs\ParsehWebLearning\wp-content\themes\Parsehshop\woocommerce\single-product\title.php در خط 28

2022-01-27T17:07:23+00:00 CRITICAL Unmatched ')' در C:\xampp\htdocs\ParsehWebLearning\wp-content\themes\Parsehshop\woocommerce\single-product\title.php در خط 28

2022-01-27T17:09:40+00:00 CRITICAL Uncaught Error: Call to undefined function the_field() in C:\xampp\htdocs\ParsehWebLearning\wp-content\themes\Parsehshop\woocommerce\single-product\title.php:28
Stack trace:
#0 C:\xampp\htdocs\ParsehWebLearning\wp-content\plugins\woocommerce\includes\wc-core-functions.php(345): include()
#1 C:\xampp\htdocs\ParsehWebLearning\wp-content\plugins\woocommerce\includes\wc-template-functions.php(1600): wc_get_template('single-product/...')
#2 C:\xampp\htdocs\ParsehWebLearning\wp-includes\class-wp-hook.php(307): woocommerce_template_single_title('')
#3 C:\xampp\htdocs\ParsehWebLearning\wp-includes\class-wp-hook.php(331): WP_Hook->apply_filters('', Array)
#4 C:\xampp\htdocs\ParsehWebLearning\wp-includes\plugin.php(474): WP_Hook->do_action(Array)
#5 C:\xampp\htdocs\ParsehWebLearning\wp-content\themes\Parsehshop\woocommerce\content-single-product.php(80): do_action('woocommerce_sin...')
#6 C:\xampp\htdocs\ParsehWebLearning\wp-includes\template.php(772): require('C:\\xampp\\htdocs...')
#7 C:\xampp\htdocs\ParsehWebLearning\wp-content\plugins\woocommerce\includes\wc-core-functions.php(284): load_template('C:\\xampp\\htdocs...', false)
#8 C:\xampp\htdocs\ParsehWebLearning\wp-content\themes\Parsehshop\woocommerce\single-product.php(49): wc_get_template_part('content', 'single-product')
#9 C:\xampp\htdocs\ParsehWebLearning\wp-includes\template-loader.php(106): include('C:\\xampp\\htdocs...')
#10 C:\xampp\htdocs\ParsehWebLearning\wp-blog-header.php(19): require_once('C:\\xampp\\htdocs...')
#11 C:\xampp\htdocs\ParsehWebLearning\index.php(17): require('C:\\xampp\\htdocs...')
#12 {main}
  thrown در C:\xampp\htdocs\ParsehWebLearning\wp-content\themes\Parsehshop\woocommerce\single-product\title.php در خط 28

