2021-12-31T13:52:44+00:00 CRITICAL Uncaught Error: Undefined constant "WP_ENVIRONMENT_TYPE" in C:\xampp1\htdocs\ParsehWebLearning\wp-content\plugins\woocommerce\packages\woocommerce-admin\src\Schedulers\MailchimpScheduler.php:90
Stack trace:
#0 C:\xampp1\htdocs\ParsehWebLearning\wp-content\plugins\woocommerce\packages\woocommerce-admin\src\Schedulers\MailchimpScheduler.php(90): constant('WP_ENVIRONMENT_...')
#1 C:\xampp1\htdocs\ParsehWebLearning\wp-content\plugins\woocommerce\packages\woocommerce-admin\src\Schedulers\MailchimpScheduler.php(58): Automattic\WooCommerce\Admin\Schedulers\MailchimpScheduler->make_request('pedram.pourzeyn...')
#2 C:\xampp1\htdocs\ParsehWebLearning\wp-content\plugins\woocommerce\packages\woocommerce-admin\src\Events.php(111): Automattic\WooCommerce\Admin\Schedulers\MailchimpScheduler->run()
#3 C:\xampp1\htdocs\ParsehWebLearning\wp-includes\class-wp-hook.php(303): Automattic\WooCommerce\Admin\Events->do_wc_admin_daily()
#4 C:\xampp1\htdocs\ParsehWebLearning\wp-includes\class-wp-hook.php(327): WP_Hook->apply_filters('', Array)
#5 C:\xampp1\htdocs\ParsehWebLearning\wp-includes\plugin.php(518): WP_Hook->do_action(Array)
#6 C:\xampp1\htdocs\ParsehWebLearning\wp-cron.php(138): do_action_ref_array('wc_admin_daily', Array)
#7 {main}
  thrown در C:\xampp1\htdocs\ParsehWebLearning\wp-content\plugins\woocommerce\packages\woocommerce-admin\src\Schedulers\MailchimpScheduler.php در خط 90

2021-12-31T14:51:43+00:00 CRITICAL syntax error, unexpected identifier "nav", expecting ")" در C:\xampp1\htdocs\ParsehWebLearning\wp-content\themes\Parsehshop\template-parts\header\top-navigation.php در خط 18

2021-12-31T16:42:50+00:00 CRITICAL syntax error, unexpected variable "$args", expecting ":" در C:\xampp1\htdocs\ParsehWebLearning\wp-content\themes\Parsehshop\template-parts\header\top-navigation.php در خط 9

2021-12-31T16:46:22+00:00 CRITICAL syntax error, unexpected variable "$args", expecting ":" در C:\xampp1\htdocs\ParsehWebLearning\wp-content\themes\Parsehshop\template-parts\header\top-navigation.php در خط 9

2021-12-31T17:17:11+00:00 CRITICAL Uncaught Error: Undefined constant "header" in C:\xampp1\htdocs\ParsehWebLearning\wp-content\themes\Parsehshop\template-parts\header\top-navigation.php:9
Stack trace:
#0 C:\xampp1\htdocs\ParsehWebLearning\wp-includes\template.php(772): require()
#1 C:\xampp1\htdocs\ParsehWebLearning\wp-includes\template.php(716): load_template('C:\\xampp1\\htdoc...', false, Array)
#2 C:\xampp1\htdocs\ParsehWebLearning\wp-includes\general-template.php(204): locate_template(Array, true, false, Array)
#3 C:\xampp1\htdocs\ParsehWebLearning\wp-content\themes\Parsehshop\template-parts\header\site-header.php(23): get_template_part('template-parts/...')
#4 C:\xampp1\htdocs\ParsehWebLearning\wp-includes\template.php(772): require('C:\\xampp1\\htdoc...')
#5 C:\xampp1\htdocs\ParsehWebLearning\wp-includes\template.php(716): load_template('C:\\xampp1\\htdoc...', false, Array)
#6 C:\xampp1\htdocs\ParsehWebLearning\wp-includes\general-template.php(204): locate_template(Array, true, false, Array)
#7 C:\xampp1\htdocs\ParsehWebLearning\wp-content\themes\Parsehshop\header.php(12): get_template_part('template-parts/...')
#8 C:\xampp1\htdocs\ParsehWebLearning\wp-includes\template.php(770): require_once('C:\\xampp1\\htdoc...')
#9 C:\xampp1\htdocs\ParsehWebLearning\wp-includes\template.php(716): load_template('C:\\xampp1\\htdoc...', true, Array)
#10 C:\xampp1\htdocs\ParsehWebLearning\wp-includes\general-template.php(48): locate_template(Array, true, true, Array)
#11 C:\xampp1\htdocs\ParsehWebLearning\wp-content\themes\Parsehshop\front-page.php(1): get_header()
#12 C:\xampp1\htdocs\ParsehWebLearning\wp-includes\template-loader.php(106): include('C:\\xampp1\\htdoc...')
#13 C:\xampp1\htdocs\ParsehWebLearning\wp-blog-header.php(19): require_once('C:\\xampp1\\htdoc...')
#14 C:\xampp1\htdocs\ParsehWebLearning\index.php(17): require('C:\\xampp1\\htdoc...')
#15 {main}
  thrown در C:\xampp1\htdocs\ParsehWebLearning\wp-content\themes\Parsehshop\template-parts\header\top-navigation.php در خط 9

