2022-01-01T10:10:07+00:00 CRITICAL Uncaught Error: Undefined constant "WP_ENVIRONMENT_TYPE" in C:\xampp1\htdocs\ParsehWebLearning\wp-content\plugins\woocommerce\packages\woocommerce-admin\src\Schedulers\MailchimpScheduler.php:90
Stack trace:
#0 C:\xampp1\htdocs\ParsehWebLearning\wp-content\plugins\woocommerce\packages\woocommerce-admin\src\Schedulers\MailchimpScheduler.php(90): constant('WP_ENVIRONMENT_...')
#1 C:\xampp1\htdocs\ParsehWebLearning\wp-content\plugins\woocommerce\packages\woocommerce-admin\src\Schedulers\MailchimpScheduler.php(58): Automattic\WooCommerce\Admin\Schedulers\MailchimpScheduler->make_request('pedram.pourzeyn...')
#2 C:\xampp1\htdocs\ParsehWebLearning\wp-content\plugins\woocommerce\packages\woocommerce-admin\src\Events.php(111): Automattic\WooCommerce\Admin\Schedulers\MailchimpScheduler->run()
#3 C:\xampp1\htdocs\ParsehWebLearning\wp-includes\class-wp-hook.php(303): Automattic\WooCommerce\Admin\Events->do_wc_admin_daily()
#4 C:\xampp1\htdocs\ParsehWebLearning\wp-includes\class-wp-hook.php(327): WP_Hook->apply_filters('', Array)
#5 C:\xampp1\htdocs\ParsehWebLearning\wp-includes\plugin.php(518): WP_Hook->do_action(Array)
#6 C:\xampp1\htdocs\ParsehWebLearning\wp-cron.php(138): do_action_ref_array('wc_admin_daily', Array)
#7 {main}
  thrown در C:\xampp1\htdocs\ParsehWebLearning\wp-content\plugins\woocommerce\packages\woocommerce-admin\src\Schedulers\MailchimpScheduler.php در خط 90

2022-01-01T16:02:35+00:00 CRITICAL Uncaught Error: Call to undefined function get_breadcrumb() in C:\xampp1\htdocs\ParsehWebLearning\wp-content\themes\Parsehshop\template-parts\single\breadcrumb.php:16
Stack trace:
#0 C:\xampp1\htdocs\ParsehWebLearning\wp-includes\template.php(772): require()
#1 C:\xampp1\htdocs\ParsehWebLearning\wp-includes\template.php(716): load_template('C:\\xampp1\\htdoc...', false, Array)
#2 C:\xampp1\htdocs\ParsehWebLearning\wp-includes\general-template.php(204): locate_template(Array, true, false, Array)
#3 C:\xampp1\htdocs\ParsehWebLearning\wp-content\themes\Parsehshop\singular.php(5): get_template_part('template-parts/...')
#4 C:\xampp1\htdocs\ParsehWebLearning\wp-includes\template-loader.php(106): include('C:\\xampp1\\htdoc...')
#5 C:\xampp1\htdocs\ParsehWebLearning\wp-blog-header.php(19): require_once('C:\\xampp1\\htdoc...')
#6 C:\xampp1\htdocs\ParsehWebLearning\index.php(17): require('C:\\xampp1\\htdoc...')
#7 {main}
  thrown در C:\xampp1\htdocs\ParsehWebLearning\wp-content\themes\Parsehshop\template-parts\single\breadcrumb.php در خط 16

2022-01-01T16:20:11+00:00 CRITICAL syntax error, unexpected identifier "the_category", expecting "," or ";" in C:\xampp1\htdocs\ParsehWebLearning\wp-content\themes\Parsehshop\inc\breadcrumb.php on line 12

