2022-01-19T17:54:35+00:00 CRITICAL syntax error, unexpected token "endif" در C:\xampp\htdocs\ParsehWebLearning\wp-content\themes\Parsehshop\templates\contact.php در خط 45

2022-01-19T18:06:05+00:00 CRITICAL Uncaught Error: Call to undefined function the_field() in C:\xampp\htdocs\ParsehWebLearning\wp-content\themes\Parsehshop\templates\contact.php:13
Stack trace:
#0 C:\xampp\htdocs\ParsehWebLearning\wp-includes\template-loader.php(106): include()
#1 C:\xampp\htdocs\ParsehWebLearning\wp-blog-header.php(19): require_once('C:\\xampp\\htdocs...')
#2 C:\xampp\htdocs\ParsehWebLearning\index.php(17): require('C:\\xampp\\htdocs...')
#3 {main}
  thrown در C:\xampp\htdocs\ParsehWebLearning\wp-content\themes\Parsehshop\templates\contact.php در خط 13

2022-01-19T18:06:36+00:00 CRITICAL Uncaught Error: Call to undefined function the_field() in C:\xampp\htdocs\ParsehWebLearning\wp-content\themes\Parsehshop\templates\contact.php:13
Stack trace:
#0 C:\xampp\htdocs\ParsehWebLearning\wp-includes\template-loader.php(106): include()
#1 C:\xampp\htdocs\ParsehWebLearning\wp-blog-header.php(19): require_once('C:\\xampp\\htdocs...')
#2 C:\xampp\htdocs\ParsehWebLearning\index.php(17): require('C:\\xampp\\htdocs...')
#3 {main}
  thrown در C:\xampp\htdocs\ParsehWebLearning\wp-content\themes\Parsehshop\templates\contact.php در خط 13

2022-01-19T18:06:39+00:00 CRITICAL Uncaught Error: Call to undefined function the_field() in C:\xampp\htdocs\ParsehWebLearning\wp-content\themes\Parsehshop\templates\contact.php:13
Stack trace:
#0 C:\xampp\htdocs\ParsehWebLearning\wp-includes\template-loader.php(106): include()
#1 C:\xampp\htdocs\ParsehWebLearning\wp-blog-header.php(19): require_once('C:\\xampp\\htdocs...')
#2 C:\xampp\htdocs\ParsehWebLearning\index.php(17): require('C:\\xampp\\htdocs...')
#3 {main}
  thrown در C:\xampp\htdocs\ParsehWebLearning\wp-content\themes\Parsehshop\templates\contact.php در خط 13

